API endpoint: http://localhost:8080
If you are using a library that supports the FIRESTORE_EMULATOR_HOST environment variable, run:

   export FIRESTORE_EMULATOR_HOST=localhost:8080

Dev App Server is now running.

Mar 02, 2021 10:32:16 AM io.gapi.emulators.netty.HttpVersionRoutingHandler channelRead
INFO: Detected HTTP/2 connection.
Mar 02, 2021 10:32:59 AM io.gapi.emulators.netty.HttpVersionRoutingHandler channelRead
INFO: Detected non-HTTP/2 connection.
Mar 02, 2021 10:32:59 AM io.gapi.emulators.netty.HttpVersionRoutingHandler channelRead
INFO: Detected HTTP/2 connection.
Mar 02, 2021 10:32:59 AM io.gapi.emulators.netty.HttpVersionRoutingHandler channelRead
INFO: Detected non-HTTP/2 connection.
Mar 02, 2021 10:32:59 AM io.gapi.emulators.netty.HttpVersionRoutingHandler channelRead
INFO: Detected non-HTTP/2 connection.
Mar 02, 2021 10:32:59 AM io.gapi.emulators.netty.HttpVersionRoutingHandler channelRead
INFO: Detected non-HTTP/2 connection.
Mar 02, 2021 10:32:59 AM com.google.cloud.datastore.emulator.impl.util.WrappedStreamObserver onError
INFO: operation failed: Document parent name "projects/weather-node-ui/databases/(default)/documents/measurements" lacks "/" at index 67.
com.google.cloud.datastore.core.exception.InvalidConversionException: Document parent name "projects/weather-node-ui/databases/(default)/documents/measurements" lacks "/" at index 67.
	at com.google.cloud.datastore.core.exception.InvalidConversionException.checkConversion(InvalidConversionException.java:44)
	at com.google.cloud.datastore.core.firestorev1.converter.FirestoreV1ResourceNameParser.parseSlashAllowTrailing(FirestoreV1ResourceNameParser.java:131)
	at com.google.cloud.datastore.core.firestorev1.converter.FirestoreV1ResourceNameParser.parseSlash(FirestoreV1ResourceNameParser.java:126)
	at com.google.cloud.datastore.core.firestorev1.converter.FirestoreV1ResourceRefToRepConverter.parseEntityCollectionIdResourceIdPairs(FirestoreV1ResourceRefToRepConverter.java:293)
	at com.google.cloud.datastore.core.firestorev1.converter.FirestoreV1ResourceRefToRepConverter.convertEntityParentRefAllowFirestoreRelative(FirestoreV1ResourceRefToRepConverter.java:89)
	at com.google.cloud.datastore.core.firestorev1.converter.FirestoreV1RequestToRepConverter.constructNewEntityRef(FirestoreV1RequestToRepConverter.java:467)
	at com.google.cloud.datastore.emulator.impl.util.FirestoreEmulatorConverters.toEntityRef(FirestoreEmulatorConverters.java:429)
	at com.google.cloud.datastore.emulator.impl.CloudFirestoreV1Router.inferDatabaseRef(CloudFirestoreV1Router.java:279)
	at com.google.cloud.datastore.emulator.impl.CloudFirestoreV1Router.createDocument(CloudFirestoreV1Router.java:101)
	at com.google.cloud.datastore.emulator.firestore.v1.FirestoreV1GrpcAdapter$1.lambda$createDocument$3(FirestoreV1GrpcAdapter.java:120)
	at com.google.cloud.datastore.emulator.firestore.v1.FirestoreV1GrpcAdapter.unary(FirestoreV1GrpcAdapter.java:67)
	at com.google.cloud.datastore.emulator.firestore.v1.FirestoreV1GrpcAdapter.access$000(FirestoreV1GrpcAdapter.java:39)
	at com.google.cloud.datastore.emulator.firestore.v1.FirestoreV1GrpcAdapter$1.createDocument(FirestoreV1GrpcAdapter.java:120)
	at com.google.firestore.v1.FirestoreGrpc$MethodHandlers.invoke(FirestoreGrpc.java:1247)
	at io.grpc.stub.ServerCalls$UnaryServerCallHandler$UnaryServerCallListener.onHalfClose(ServerCalls.java:182)
	at io.grpc.PartialForwardingServerCallListener.onHalfClose(PartialForwardingServerCallListener.java:35)
	at io.grpc.ForwardingServerCallListener.onHalfClose(ForwardingServerCallListener.java:23)
	at io.grpc.ForwardingServerCallListener$SimpleForwardingServerCallListener.onHalfClose(ForwardingServerCallListener.java:40)
	at io.grpc.Contexts$ContextualizedServerCallListener.onHalfClose(Contexts.java:86)
	at io.grpc.PartialForwardingServerCallListener.onHalfClose(PartialForwardingServerCallListener.java:35)
	at io.grpc.ForwardingServerCallListener.onHalfClose(ForwardingServerCallListener.java:23)
	at io.grpc.ForwardingServerCallListener$SimpleForwardingServerCallListener.onHalfClose(ForwardingServerCallListener.java:40)
	at io.grpc.Contexts$ContextualizedServerCallListener.onHalfClose(Contexts.java:86)
	at io.grpc.internal.ServerCallImpl$ServerStreamListenerImpl.halfClosed(ServerCallImpl.java:331)
	at io.grpc.internal.ServerImpl$JumpToApplicationThreadServerStreamListener$1HalfClosed.runInContext(ServerImpl.java:797)
	at io.grpc.internal.ContextRunnable.run(ContextRunnable.java:37)
	at io.grpc.internal.SerializingExecutor.run(SerializingExecutor.java:123)
	at java.util.concurrent.ThreadPoolExecutor.runWorker(ThreadPoolExecutor.java:1149)
	at java.util.concurrent.ThreadPoolExecutor$Worker.run(ThreadPoolExecutor.java:624)
	at java.lang.Thread.run(Thread.java:748)

Mar 02, 2021 10:32:59 AM io.gapi.emulators.netty.HttpHandler$1 onError
INFO: Exception when handling request: INVALID_ARGUMENT: Document parent name "projects/weather-node-ui/databases/(default)/documents/measurements" lacks "/" at index 67.
Mar 02, 2021 10:33:09 AM io.gapi.emulators.netty.HttpVersionRoutingHandler channelRead
INFO: Detected non-HTTP/2 connection.
Mar 02, 2021 10:33:09 AM com.google.cloud.datastore.emulator.impl.util.WrappedStreamObserver onError
INFO: operation failed: Document parent name "projects/weather-node-ui/databases/(default)/documents/measurements" lacks "/" at index 67.
com.google.cloud.datastore.core.exception.InvalidConversionException: Document parent name "projects/weather-node-ui/databases/(default)/documents/measurements" lacks "/" at index 67.
	at com.google.cloud.datastore.core.exception.InvalidConversionException.checkConversion(InvalidConversionException.java:44)
	at com.google.cloud.datastore.core.firestorev1.converter.FirestoreV1ResourceNameParser.parseSlashAllowTrailing(FirestoreV1ResourceNameParser.java:131)
	at com.google.cloud.datastore.core.firestorev1.converter.FirestoreV1ResourceNameParser.parseSlash(FirestoreV1ResourceNameParser.java:126)
	at com.google.cloud.datastore.core.firestorev1.converter.FirestoreV1ResourceRefToRepConverter.parseEntityCollectionIdResourceIdPairs(FirestoreV1ResourceRefToRepConverter.java:293)
	at com.google.cloud.datastore.core.firestorev1.converter.FirestoreV1ResourceRefToRepConverter.convertEntityParentRefAllowFirestoreRelative(FirestoreV1ResourceRefToRepConverter.java:89)
	at com.google.cloud.datastore.core.firestorev1.converter.FirestoreV1RequestToRepConverter.constructNewEntityRef(FirestoreV1RequestToRepConverter.java:467)
	at com.google.cloud.datastore.emulator.impl.util.FirestoreEmulatorConverters.toEntityRef(FirestoreEmulatorConverters.java:429)
	at com.google.cloud.datastore.emulator.impl.CloudFirestoreV1Router.inferDatabaseRef(CloudFirestoreV1Router.java:279)
	at com.google.cloud.datastore.emulator.impl.CloudFirestoreV1Router.createDocument(CloudFirestoreV1Router.java:101)
	at com.google.cloud.datastore.emulator.firestore.v1.FirestoreV1GrpcAdapter$1.lambda$createDocument$3(FirestoreV1GrpcAdapter.java:120)
	at com.google.cloud.datastore.emulator.firestore.v1.FirestoreV1GrpcAdapter.unary(FirestoreV1GrpcAdapter.java:67)
	at com.google.cloud.datastore.emulator.firestore.v1.FirestoreV1GrpcAdapter.access$000(FirestoreV1GrpcAdapter.java:39)
	at com.google.cloud.datastore.emulator.firestore.v1.FirestoreV1GrpcAdapter$1.createDocument(FirestoreV1GrpcAdapter.java:120)
	at com.google.firestore.v1.FirestoreGrpc$MethodHandlers.invoke(FirestoreGrpc.java:1247)
	at io.grpc.stub.ServerCalls$UnaryServerCallHandler$UnaryServerCallListener.onHalfClose(ServerCalls.java:182)
	at io.grpc.PartialForwardingServerCallListener.onHalfClose(PartialForwardingServerCallListener.java:35)
	at io.grpc.ForwardingServerCallListener.onHalfClose(ForwardingServerCallListener.java:23)
	at io.grpc.ForwardingServerCallListener$SimpleForwardingServerCallListener.onHalfClose(ForwardingServerCallListener.java:40)
	at io.grpc.Contexts$ContextualizedServerCallListener.onHalfClose(Contexts.java:86)
	at io.grpc.PartialForwardingServerCallListener.onHalfClose(PartialForwardingServerCallListener.java:35)
	at io.grpc.ForwardingServerCallListener.onHalfClose(ForwardingServerCallListener.java:23)
	at io.grpc.ForwardingServerCallListener$SimpleForwardingServerCallListener.onHalfClose(ForwardingServerCallListener.java:40)
	at io.grpc.Contexts$ContextualizedServerCallListener.onHalfClose(Contexts.java:86)
	at io.grpc.internal.ServerCallImpl$ServerStreamListenerImpl.halfClosed(ServerCallImpl.java:331)
	at io.grpc.internal.ServerImpl$JumpToApplicationThreadServerStreamListener$1HalfClosed.runInContext(ServerImpl.java:797)
	at io.grpc.internal.ContextRunnable.run(ContextRunnable.java:37)
	at io.grpc.internal.SerializingExecutor.run(SerializingExecutor.java:123)
	at java.util.concurrent.ThreadPoolExecutor.runWorker(ThreadPoolExecutor.java:1149)
	at java.util.concurrent.ThreadPoolExecutor$Worker.run(ThreadPoolExecutor.java:624)
	at java.lang.Thread.run(Thread.java:748)

Mar 02, 2021 10:33:09 AM io.gapi.emulators.netty.HttpHandler$1 onError
INFO: Exception when handling request: INVALID_ARGUMENT: Document parent name "projects/weather-node-ui/databases/(default)/documents/measurements" lacks "/" at index 67.
Mar 02, 2021 10:33:19 AM io.gapi.emulators.netty.HttpVersionRoutingHandler channelRead
INFO: Detected non-HTTP/2 connection.
Mar 02, 2021 10:33:19 AM com.google.cloud.datastore.emulator.impl.util.WrappedStreamObserver onError
INFO: operation failed: Document parent name "projects/weather-node-ui/databases/(default)/documents/measurements" lacks "/" at index 67.
com.google.cloud.datastore.core.exception.InvalidConversionException: Document parent name "projects/weather-node-ui/databases/(default)/documents/measurements" lacks "/" at index 67.
	at com.google.cloud.datastore.core.exception.InvalidConversionException.checkConversion(InvalidConversionException.java:44)
	at com.google.cloud.datastore.core.firestorev1.converter.FirestoreV1ResourceNameParser.parseSlashAllowTrailing(FirestoreV1ResourceNameParser.java:131)
	at com.google.cloud.datastore.core.firestorev1.converter.FirestoreV1ResourceNameParser.parseSlash(FirestoreV1ResourceNameParser.java:126)
	at com.google.cloud.datastore.core.firestorev1.converter.FirestoreV1ResourceRefToRepConverter.parseEntityCollectionIdResourceIdPairs(FirestoreV1ResourceRefToRepConverter.java:293)
	at com.google.cloud.datastore.core.firestorev1.converter.FirestoreV1ResourceRefToRepConverter.convertEntityParentRefAllowFirestoreRelative(FirestoreV1ResourceRefToRepConverter.java:89)
	at com.google.cloud.datastore.core.firestorev1.converter.FirestoreV1RequestToRepConverter.constructNewEntityRef(FirestoreV1RequestToRepConverter.java:467)
	at com.google.cloud.datastore.emulator.impl.util.FirestoreEmulatorConverters.toEntityRef(FirestoreEmulatorConverters.java:429)
	at com.google.cloud.datastore.emulator.impl.CloudFirestoreV1Router.inferDatabaseRef(CloudFirestoreV1Router.java:279)
	at com.google.cloud.datastore.emulator.impl.CloudFirestoreV1Router.createDocument(CloudFirestoreV1Router.java:101)
	at com.google.cloud.datastore.emulator.firestore.v1.FirestoreV1GrpcAdapter$1.lambda$createDocument$3(FirestoreV1GrpcAdapter.java:120)
	at com.google.cloud.datastore.emulator.firestore.v1.FirestoreV1GrpcAdapter.unary(FirestoreV1GrpcAdapter.java:67)
	at com.google.cloud.datastore.emulator.firestore.v1.FirestoreV1GrpcAdapter.access$000(FirestoreV1GrpcAdapter.java:39)
	at com.google.cloud.datastore.emulator.firestore.v1.FirestoreV1GrpcAdapter$1.createDocument(FirestoreV1GrpcAdapter.java:120)
	at com.google.firestore.v1.FirestoreGrpc$MethodHandlers.invoke(FirestoreGrpc.java:1247)
	at io.grpc.stub.ServerCalls$UnaryServerCallHandler$UnaryServerCallListener.onHalfClose(ServerCalls.java:182)
	at io.grpc.PartialForwardingServerCallListener.onHalfClose(PartialForwardingServerCallListener.java:35)
	at io.grpc.ForwardingServerCallListener.onHalfClose(ForwardingServerCallListener.java:23)
	at io.grpc.ForwardingServerCallListener$SimpleForwardingServerCallListener.onHalfClose(ForwardingServerCallListener.java:40)
	at io.grpc.Contexts$ContextualizedServerCallListener.onHalfClose(Contexts.java:86)
	at io.grpc.PartialForwardingServerCallListener.onHalfClose(PartialForwardingServerCallListener.java:35)
	at io.grpc.ForwardingServerCallListener.onHalfClose(ForwardingServerCallListener.java:23)
	at io.grpc.ForwardingServerCallListener$SimpleForwardingServerCallListener.onHalfClose(ForwardingServerCallListener.java:40)
	at io.grpc.Contexts$ContextualizedServerCallListener.onHalfClose(Contexts.java:86)
	at io.grpc.internal.ServerCallImpl$ServerStreamListenerImpl.halfClosed(ServerCallImpl.java:331)
	at io.grpc.internal.ServerImpl$JumpToApplicationThreadServerStreamListener$1HalfClosed.runInContext(ServerImpl.java:797)
	at io.grpc.internal.ContextRunnable.run(ContextRunnable.java:37)
	at io.grpc.internal.SerializingExecutor.run(SerializingExecutor.java:123)
	at java.util.concurrent.ThreadPoolExecutor.runWorker(ThreadPoolExecutor.java:1149)
	at java.util.concurrent.ThreadPoolExecutor$Worker.run(ThreadPoolExecutor.java:624)
	at java.lang.Thread.run(Thread.java:748)

Mar 02, 2021 10:33:19 AM io.gapi.emulators.netty.HttpHandler$1 onError
INFO: Exception when handling request: INVALID_ARGUMENT: Document parent name "projects/weather-node-ui/databases/(default)/documents/measurements" lacks "/" at index 67.
Mar 02, 2021 10:33:29 AM io.gapi.emulators.netty.HttpVersionRoutingHandler channelRead
INFO: Detected non-HTTP/2 connection.
Mar 02, 2021 10:33:29 AM com.google.cloud.datastore.emulator.impl.util.WrappedStreamObserver onError
INFO: operation failed: Document parent name "projects/weather-node-ui/databases/(default)/documents/measurements" lacks "/" at index 67.
com.google.cloud.datastore.core.exception.InvalidConversionException: Document parent name "projects/weather-node-ui/databases/(default)/documents/measurements" lacks "/" at index 67.
	at com.google.cloud.datastore.core.exception.InvalidConversionException.checkConversion(InvalidConversionException.java:44)
	at com.google.cloud.datastore.core.firestorev1.converter.FirestoreV1ResourceNameParser.parseSlashAllowTrailing(FirestoreV1ResourceNameParser.java:131)
	at com.google.cloud.datastore.core.firestorev1.converter.FirestoreV1ResourceNameParser.parseSlash(FirestoreV1ResourceNameParser.java:126)
	at com.google.cloud.datastore.core.firestorev1.converter.FirestoreV1ResourceRefToRepConverter.parseEntityCollectionIdResourceIdPairs(FirestoreV1ResourceRefToRepConverter.java:293)
	at com.google.cloud.datastore.core.firestorev1.converter.FirestoreV1ResourceRefToRepConverter.convertEntityParentRefAllowFirestoreRelative(FirestoreV1ResourceRefToRepConverter.java:89)
	at com.google.cloud.datastore.core.firestorev1.converter.FirestoreV1RequestToRepConverter.constructNewEntityRef(FirestoreV1RequestToRepConverter.java:467)
	at com.google.cloud.datastore.emulator.impl.util.FirestoreEmulatorConverters.toEntityRef(FirestoreEmulatorConverters.java:429)
	at com.google.cloud.datastore.emulator.impl.CloudFirestoreV1Router.inferDatabaseRef(CloudFirestoreV1Router.java:279)
	at com.google.cloud.datastore.emulator.impl.CloudFirestoreV1Router.createDocument(CloudFirestoreV1Router.java:101)
	at com.google.cloud.datastore.emulator.firestore.v1.FirestoreV1GrpcAdapter$1.lambda$createDocument$3(FirestoreV1GrpcAdapter.java:120)
	at com.google.cloud.datastore.emulator.firestore.v1.FirestoreV1GrpcAdapter.unary(FirestoreV1GrpcAdapter.java:67)
	at com.google.cloud.datastore.emulator.firestore.v1.FirestoreV1GrpcAdapter.access$000(FirestoreV1GrpcAdapter.java:39)
	at com.google.cloud.datastore.emulator.firestore.v1.FirestoreV1GrpcAdapter$1.createDocument(FirestoreV1GrpcAdapter.java:120)
	at com.google.firestore.v1.FirestoreGrpc$MethodHandlers.invoke(FirestoreGrpc.java:1247)
	at io.grpc.stub.ServerCalls$UnaryServerCallHandler$UnaryServerCallListener.onHalfClose(ServerCalls.java:182)
	at io.grpc.PartialForwardingServerCallListener.onHalfClose(PartialForwardingServerCallListener.java:35)
	at io.grpc.ForwardingServerCallListener.onHalfClose(ForwardingServerCallListener.java:23)
	at io.grpc.ForwardingServerCallListener$SimpleForwardingServerCallListener.onHalfClose(ForwardingServerCallListener.java:40)
	at io.grpc.Contexts$ContextualizedServerCallListener.onHalfClose(Contexts.java:86)
	at io.grpc.PartialForwardingServerCallListener.onHalfClose(PartialForwardingServerCallListener.java:35)
	at io.grpc.ForwardingServerCallListener.onHalfClose(ForwardingServerCallListener.java:23)
	at io.grpc.ForwardingServerCallListener$SimpleForwardingServerCallListener.onHalfClose(ForwardingServerCallListener.java:40)
	at io.grpc.Contexts$ContextualizedServerCallListener.onHalfClose(Contexts.java:86)
	at io.grpc.internal.ServerCallImpl$ServerStreamListenerImpl.halfClosed(ServerCallImpl.java:331)
	at io.grpc.internal.ServerImpl$JumpToApplicationThreadServerStreamListener$1HalfClosed.runInContext(ServerImpl.java:797)
	at io.grpc.internal.ContextRunnable.run(ContextRunnable.java:37)
	at io.grpc.internal.SerializingExecutor.run(SerializingExecutor.java:123)
	at java.util.concurrent.ThreadPoolExecutor.runWorker(ThreadPoolExecutor.java:1149)
	at java.util.concurrent.ThreadPoolExecutor$Worker.run(ThreadPoolExecutor.java:624)
	at java.lang.Thread.run(Thread.java:748)

Mar 02, 2021 10:33:29 AM io.gapi.emulators.netty.HttpHandler$1 onError
INFO: Exception when handling request: INVALID_ARGUMENT: Document parent name "projects/weather-node-ui/databases/(default)/documents/measurements" lacks "/" at index 67.
Mar 02, 2021 10:33:39 AM com.google.cloud.datastore.emulator.impl.util.WrappedStreamObserver onError
INFO: operation failed: Document parent name "projects/weather-node-ui/databases/(default)/documents/measurements" lacks "/" at index 67.
com.google.cloud.datastore.core.exception.InvalidConversionException: Document parent name "projects/weather-node-ui/databases/(default)/documents/measurements" lacks "/" at index 67.
	at com.google.cloud.datastore.core.exception.InvalidConversionException.checkConversion(InvalidConversionException.java:44)
	at com.google.cloud.datastore.core.firestorev1.converter.FirestoreV1ResourceNameParser.parseSlashAllowTrailing(FirestoreV1ResourceNameParser.java:131)
	at com.google.cloud.datastore.core.firestorev1.converter.FirestoreV1ResourceNameParser.parseSlash(FirestoreV1ResourceNameParser.java:126)
	at com.google.cloud.datastore.core.firestorev1.converter.FirestoreV1ResourceRefToRepConverter.parseEntityCollectionIdResourceIdPairs(FirestoreV1ResourceRefToRepConverter.java:293)
	at com.google.cloud.datastore.core.firestorev1.converter.FirestoreV1ResourceRefToRepConverter.convertEntityParentRefAllowFirestoreRelative(FirestoreV1ResourceRefToRepConverter.java:89)
	at com.google.cloud.datastore.core.firestorev1.converter.FirestoreV1RequestToRepConverter.constructNewEntityRef(FirestoreV1RequestToRepConverter.java:467)
	at com.google.cloud.datastore.emulator.impl.util.FirestoreEmulatorConverters.toEntityRef(FirestoreEmulatorConverters.java:429)
	at com.google.cloud.datastore.emulator.impl.CloudFirestoreV1Router.inferDatabaseRef(CloudFirestoreV1Router.java:279)
	at com.google.cloud.datastore.emulator.impl.CloudFirestoreV1Router.createDocument(CloudFirestoreV1Router.java:101)
	at com.google.cloud.datastore.emulator.firestore.v1.FirestoreV1GrpcAdapter$1.lambda$createDocument$3(FirestoreV1GrpcAdapter.java:120)
	at com.google.cloud.datastore.emulator.firestore.v1.FirestoreV1GrpcAdapter.unary(FirestoreV1GrpcAdapter.java:67)
	at com.google.cloud.datastore.emulator.firestore.v1.FirestoreV1GrpcAdapter.access$000(FirestoreV1GrpcAdapter.java:39)
	at com.google.cloud.datastore.emulator.firestore.v1.FirestoreV1GrpcAdapter$1.createDocument(FirestoreV1GrpcAdapter.java:120)
	at com.google.firestore.v1.FirestoreGrpc$MethodHandlers.invoke(FirestoreGrpc.java:1247)
	at io.grpc.stub.ServerCalls$UnaryServerCallHandler$UnaryServerCallListener.onHalfClose(ServerCalls.java:182)
	at io.grpc.PartialForwardingServerCallListener.onHalfClose(PartialForwardingServerCallListener.java:35)
	at io.grpc.ForwardingServerCallListener.onHalfClose(ForwardingServerCallListener.java:23)
	at io.grpc.ForwardingServerCallListener$SimpleForwardingServerCallListener.onHalfClose(ForwardingServerCallListener.java:40)
	at io.grpc.Contexts$ContextualizedServerCallListener.onHalfClose(Contexts.java:86)
	at io.grpc.PartialForwardingServerCallListener.onHalfClose(PartialForwardingServerCallListener.java:35)
	at io.grpc.ForwardingServerCallListener.onHalfClose(ForwardingServerCallListener.java:23)
	at io.grpc.ForwardingServerCallListener$SimpleForwardingServerCallListener.onHalfClose(ForwardingServerCallListener.java:40)
	at io.grpc.Contexts$ContextualizedServerCallListener.onHalfClose(Contexts.java:86)
	at io.grpc.internal.ServerCallImpl$ServerStreamListenerImpl.halfClosed(ServerCallImpl.java:331)
	at io.grpc.internal.ServerImpl$JumpToApplicationThreadServerStreamListener$1HalfClosed.runInContext(ServerImpl.java:797)
	at io.grpc.internal.ContextRunnable.run(ContextRunnable.java:37)
	at io.grpc.internal.SerializingExecutor.run(SerializingExecutor.java:123)
	at java.util.concurrent.ThreadPoolExecutor.runWorker(ThreadPoolExecutor.java:1149)
	at java.util.concurrent.ThreadPoolExecutor$Worker.run(ThreadPoolExecutor.java:624)
	at java.lang.Thread.run(Thread.java:748)

Mar 02, 2021 10:33:39 AM io.gapi.emulators.netty.HttpHandler$1 onError
INFO: Exception when handling request: INVALID_ARGUMENT: Document parent name "projects/weather-node-ui/databases/(default)/documents/measurements" lacks "/" at index 67.
Mar 02, 2021 10:33:44 AM io.gapi.emulators.netty.HttpVersionRoutingHandler channelRead
INFO: Detected non-HTTP/2 connection.
Mar 02, 2021 10:33:49 AM com.google.cloud.datastore.emulator.impl.util.WrappedStreamObserver onError
INFO: operation failed: Document parent name "projects/weather-node-ui/databases/(default)/documents/measurements" lacks "/" at index 67.
com.google.cloud.datastore.core.exception.InvalidConversionException: Document parent name "projects/weather-node-ui/databases/(default)/documents/measurements" lacks "/" at index 67.
	at com.google.cloud.datastore.core.exception.InvalidConversionException.checkConversion(InvalidConversionException.java:44)
	at com.google.cloud.datastore.core.firestorev1.converter.FirestoreV1ResourceNameParser.parseSlashAllowTrailing(FirestoreV1ResourceNameParser.java:131)
	at com.google.cloud.datastore.core.firestorev1.converter.FirestoreV1ResourceNameParser.parseSlash(FirestoreV1ResourceNameParser.java:126)
	at com.google.cloud.datastore.core.firestorev1.converter.FirestoreV1ResourceRefToRepConverter.parseEntityCollectionIdResourceIdPairs(FirestoreV1ResourceRefToRepConverter.java:293)
	at com.google.cloud.datastore.core.firestorev1.converter.FirestoreV1ResourceRefToRepConverter.convertEntityParentRefAllowFirestoreRelative(FirestoreV1ResourceRefToRepConverter.java:89)
	at com.google.cloud.datastore.core.firestorev1.converter.FirestoreV1RequestToRepConverter.constructNewEntityRef(FirestoreV1RequestToRepConverter.java:467)
	at com.google.cloud.datastore.emulator.impl.util.FirestoreEmulatorConverters.toEntityRef(FirestoreEmulatorConverters.java:429)
	at com.google.cloud.datastore.emulator.impl.CloudFirestoreV1Router.inferDatabaseRef(CloudFirestoreV1Router.java:279)
	at com.google.cloud.datastore.emulator.impl.CloudFirestoreV1Router.createDocument(CloudFirestoreV1Router.java:101)
	at com.google.cloud.datastore.emulator.firestore.v1.FirestoreV1GrpcAdapter$1.lambda$createDocument$3(FirestoreV1GrpcAdapter.java:120)
	at com.google.cloud.datastore.emulator.firestore.v1.FirestoreV1GrpcAdapter.unary(FirestoreV1GrpcAdapter.java:67)
	at com.google.cloud.datastore.emulator.firestore.v1.FirestoreV1GrpcAdapter.access$000(FirestoreV1GrpcAdapter.java:39)
	at com.google.cloud.datastore.emulator.firestore.v1.FirestoreV1GrpcAdapter$1.createDocument(FirestoreV1GrpcAdapter.java:120)
	at com.google.firestore.v1.FirestoreGrpc$MethodHandlers.invoke(FirestoreGrpc.java:1247)
	at io.grpc.stub.ServerCalls$UnaryServerCallHandler$UnaryServerCallListener.onHalfClose(ServerCalls.java:182)
	at io.grpc.PartialForwardingServerCallListener.onHalfClose(PartialForwardingServerCallListener.java:35)
	at io.grpc.ForwardingServerCallListener.onHalfClose(ForwardingServerCallListener.java:23)
	at io.grpc.ForwardingServerCallListener$SimpleForwardingServerCallListener.onHalfClose(ForwardingServerCallListener.java:40)
	at io.grpc.Contexts$ContextualizedServerCallListener.onHalfClose(Contexts.java:86)
	at io.grpc.PartialForwardingServerCallListener.onHalfClose(PartialForwardingServerCallListener.java:35)
	at io.grpc.ForwardingServerCallListener.onHalfClose(ForwardingServerCallListener.java:23)
	at io.grpc.ForwardingServerCallListener$SimpleForwardingServerCallListener.onHalfClose(ForwardingServerCallListener.java:40)
	at io.grpc.Contexts$ContextualizedServerCallListener.onHalfClose(Contexts.java:86)
	at io.grpc.internal.ServerCallImpl$ServerStreamListenerImpl.halfClosed(ServerCallImpl.java:331)
	at io.grpc.internal.ServerImpl$JumpToApplicationThreadServerStreamListener$1HalfClosed.runInContext(ServerImpl.java:797)
	at io.grpc.internal.ContextRunnable.run(ContextRunnable.java:37)
	at io.grpc.internal.SerializingExecutor.run(SerializingExecutor.java:123)
	at java.util.concurrent.ThreadPoolExecutor.runWorker(ThreadPoolExecutor.java:1149)
	at java.util.concurrent.ThreadPoolExecutor$Worker.run(ThreadPoolExecutor.java:624)
	at java.lang.Thread.run(Thread.java:748)

Mar 02, 2021 10:33:49 AM io.gapi.emulators.netty.HttpHandler$1 onError
INFO: Exception when handling request: INVALID_ARGUMENT: Document parent name "projects/weather-node-ui/databases/(default)/documents/measurements" lacks "/" at index 67.
Mar 02, 2021 10:33:59 AM io.gapi.emulators.netty.HttpVersionRoutingHandler channelRead
INFO: Detected non-HTTP/2 connection.
Mar 02, 2021 10:33:59 AM com.google.cloud.datastore.emulator.impl.util.WrappedStreamObserver onError
INFO: operation failed: Document parent name "projects/weather-node-ui/databases/(default)/documents/measurements" lacks "/" at index 67.
com.google.cloud.datastore.core.exception.InvalidConversionException: Document parent name "projects/weather-node-ui/databases/(default)/documents/measurements" lacks "/" at index 67.
	at com.google.cloud.datastore.core.exception.InvalidConversionException.checkConversion(InvalidConversionException.java:44)
	at com.google.cloud.datastore.core.firestorev1.converter.FirestoreV1ResourceNameParser.parseSlashAllowTrailing(FirestoreV1ResourceNameParser.java:131)
	at com.google.cloud.datastore.core.firestorev1.converter.FirestoreV1ResourceNameParser.parseSlash(FirestoreV1ResourceNameParser.java:126)
	at com.google.cloud.datastore.core.firestorev1.converter.FirestoreV1ResourceRefToRepConverter.parseEntityCollectionIdResourceIdPairs(FirestoreV1ResourceRefToRepConverter.java:293)
	at com.google.cloud.datastore.core.firestorev1.converter.FirestoreV1ResourceRefToRepConverter.convertEntityParentRefAllowFirestoreRelative(FirestoreV1ResourceRefToRepConverter.java:89)
	at com.google.cloud.datastore.core.firestorev1.converter.FirestoreV1RequestToRepConverter.constructNewEntityRef(FirestoreV1RequestToRepConverter.java:467)
	at com.google.cloud.datastore.emulator.impl.util.FirestoreEmulatorConverters.toEntityRef(FirestoreEmulatorConverters.java:429)
	at com.google.cloud.datastore.emulator.impl.CloudFirestoreV1Router.inferDatabaseRef(CloudFirestoreV1Router.java:279)
	at com.google.cloud.datastore.emulator.impl.CloudFirestoreV1Router.createDocument(CloudFirestoreV1Router.java:101)
	at com.google.cloud.datastore.emulator.firestore.v1.FirestoreV1GrpcAdapter$1.lambda$createDocument$3(FirestoreV1GrpcAdapter.java:120)
	at com.google.cloud.datastore.emulator.firestore.v1.FirestoreV1GrpcAdapter.unary(FirestoreV1GrpcAdapter.java:67)
	at com.google.cloud.datastore.emulator.firestore.v1.FirestoreV1GrpcAdapter.access$000(FirestoreV1GrpcAdapter.java:39)
	at com.google.cloud.datastore.emulator.firestore.v1.FirestoreV1GrpcAdapter$1.createDocument(FirestoreV1GrpcAdapter.java:120)
	at com.google.firestore.v1.FirestoreGrpc$MethodHandlers.invoke(FirestoreGrpc.java:1247)
	at io.grpc.stub.ServerCalls$UnaryServerCallHandler$UnaryServerCallListener.onHalfClose(ServerCalls.java:182)
	at io.grpc.PartialForwardingServerCallListener.onHalfClose(PartialForwardingServerCallListener.java:35)
	at io.grpc.ForwardingServerCallListener.onHalfClose(ForwardingServerCallListener.java:23)
	at io.grpc.ForwardingServerCallListener$SimpleForwardingServerCallListener.onHalfClose(ForwardingServerCallListener.java:40)
	at io.grpc.Contexts$ContextualizedServerCallListener.onHalfClose(Contexts.java:86)
	at io.grpc.PartialForwardingServerCallListener.onHalfClose(PartialForwardingServerCallListener.java:35)
	at io.grpc.ForwardingServerCallListener.onHalfClose(ForwardingServerCallListener.java:23)
	at io.grpc.ForwardingServerCallListener$SimpleForwardingServerCallListener.onHalfClose(ForwardingServerCallListener.java:40)
	at io.grpc.Contexts$ContextualizedServerCallListener.onHalfClose(Contexts.java:86)
	at io.grpc.internal.ServerCallImpl$ServerStreamListenerImpl.halfClosed(ServerCallImpl.java:331)
	at io.grpc.internal.ServerImpl$JumpToApplicationThreadServerStreamListener$1HalfClosed.runInContext(ServerImpl.java:797)
	at io.grpc.internal.ContextRunnable.run(ContextRunnable.java:37)
	at io.grpc.internal.SerializingExecutor.run(SerializingExecutor.java:123)
	at java.util.concurrent.ThreadPoolExecutor.runWorker(ThreadPoolExecutor.java:1149)
	at java.util.concurrent.ThreadPoolExecutor$Worker.run(ThreadPoolExecutor.java:624)
	at java.lang.Thread.run(Thread.java:748)

Mar 02, 2021 10:33:59 AM io.gapi.emulators.netty.HttpHandler$1 onError
INFO: Exception when handling request: INVALID_ARGUMENT: Document parent name "projects/weather-node-ui/databases/(default)/documents/measurements" lacks "/" at index 67.
Mar 02, 2021 10:34:09 AM com.google.cloud.datastore.emulator.impl.util.WrappedStreamObserver onError
INFO: operation failed: Document parent name "projects/weather-node-ui/databases/(default)/documents/measurements" lacks "/" at index 67.
com.google.cloud.datastore.core.exception.InvalidConversionException: Document parent name "projects/weather-node-ui/databases/(default)/documents/measurements" lacks "/" at index 67.
	at com.google.cloud.datastore.core.exception.InvalidConversionException.checkConversion(InvalidConversionException.java:44)
	at com.google.cloud.datastore.core.firestorev1.converter.FirestoreV1ResourceNameParser.parseSlashAllowTrailing(FirestoreV1ResourceNameParser.java:131)
	at com.google.cloud.datastore.core.firestorev1.converter.FirestoreV1ResourceNameParser.parseSlash(FirestoreV1ResourceNameParser.java:126)
	at com.google.cloud.datastore.core.firestorev1.converter.FirestoreV1ResourceRefToRepConverter.parseEntityCollectionIdResourceIdPairs(FirestoreV1ResourceRefToRepConverter.java:293)
	at com.google.cloud.datastore.core.firestorev1.converter.FirestoreV1ResourceRefToRepConverter.convertEntityParentRefAllowFirestoreRelative(FirestoreV1ResourceRefToRepConverter.java:89)
	at com.google.cloud.datastore.core.firestorev1.converter.FirestoreV1RequestToRepConverter.constructNewEntityRef(FirestoreV1RequestToRepConverter.java:467)
	at com.google.cloud.datastore.emulator.impl.util.FirestoreEmulatorConverters.toEntityRef(FirestoreEmulatorConverters.java:429)
	at com.google.cloud.datastore.emulator.impl.CloudFirestoreV1Router.inferDatabaseRef(CloudFirestoreV1Router.java:279)
	at com.google.cloud.datastore.emulator.impl.CloudFirestoreV1Router.createDocument(CloudFirestoreV1Router.java:101)
	at com.google.cloud.datastore.emulator.firestore.v1.FirestoreV1GrpcAdapter$1.lambda$createDocument$3(FirestoreV1GrpcAdapter.java:120)
	at com.google.cloud.datastore.emulator.firestore.v1.FirestoreV1GrpcAdapter.unary(FirestoreV1GrpcAdapter.java:67)
	at com.google.cloud.datastore.emulator.firestore.v1.FirestoreV1GrpcAdapter.access$000(FirestoreV1GrpcAdapter.java:39)
	at com.google.cloud.datastore.emulator.firestore.v1.FirestoreV1GrpcAdapter$1.createDocument(FirestoreV1GrpcAdapter.java:120)
	at com.google.firestore.v1.FirestoreGrpc$MethodHandlers.invoke(FirestoreGrpc.java:1247)
	at io.grpc.stub.ServerCalls$UnaryServerCallHandler$UnaryServerCallListener.onHalfClose(ServerCalls.java:182)
	at io.grpc.PartialForwardingServerCallListener.onHalfClose(PartialForwardingServerCallListener.java:35)
	at io.grpc.ForwardingServerCallListener.onHalfClose(ForwardingServerCallListener.java:23)
	at io.grpc.ForwardingServerCallListener$SimpleForwardingServerCallListener.onHalfClose(ForwardingServerCallListener.java:40)
	at io.grpc.Contexts$ContextualizedServerCallListener.onHalfClose(Contexts.java:86)
	at io.grpc.PartialForwardingServerCallListener.onHalfClose(PartialForwardingServerCallListener.java:35)
	at io.grpc.ForwardingServerCallListener.onHalfClose(ForwardingServerCallListener.java:23)
	at io.grpc.ForwardingServerCallListener$SimpleForwardingServerCallListener.onHalfClose(ForwardingServerCallListener.java:40)
	at io.grpc.Contexts$ContextualizedServerCallListener.onHalfClose(Contexts.java:86)
	at io.grpc.internal.ServerCallImpl$ServerStreamListenerImpl.halfClosed(ServerCallImpl.java:331)
	at io.grpc.internal.ServerImpl$JumpToApplicationThreadServerStreamListener$1HalfClosed.runInContext(ServerImpl.java:797)
	at io.grpc.internal.ContextRunnable.run(ContextRunnable.java:37)
	at io.grpc.internal.SerializingExecutor.run(SerializingExecutor.java:123)
	at java.util.concurrent.ThreadPoolExecutor.runWorker(ThreadPoolExecutor.java:1149)
	at java.util.concurrent.ThreadPoolExecutor$Worker.run(ThreadPoolExecutor.java:624)
	at java.lang.Thread.run(Thread.java:748)

Mar 02, 2021 10:34:09 AM io.gapi.emulators.netty.HttpHandler$1 onError
INFO: Exception when handling request: INVALID_ARGUMENT: Document parent name "projects/weather-node-ui/databases/(default)/documents/measurements" lacks "/" at index 67.
Mar 02, 2021 10:34:19 AM com.google.cloud.datastore.emulator.impl.util.WrappedStreamObserver onError
INFO: operation failed: Document parent name "projects/weather-node-ui/databases/(default)/documents/measurements" lacks "/" at index 67.
com.google.cloud.datastore.core.exception.InvalidConversionException: Document parent name "projects/weather-node-ui/databases/(default)/documents/measurements" lacks "/" at index 67.
	at com.google.cloud.datastore.core.exception.InvalidConversionException.checkConversion(InvalidConversionException.java:44)
	at com.google.cloud.datastore.core.firestorev1.converter.FirestoreV1ResourceNameParser.parseSlashAllowTrailing(FirestoreV1ResourceNameParser.java:131)
	at com.google.cloud.datastore.core.firestorev1.converter.FirestoreV1ResourceNameParser.parseSlash(FirestoreV1ResourceNameParser.java:126)
	at com.google.cloud.datastore.core.firestorev1.converter.FirestoreV1ResourceRefToRepConverter.parseEntityCollectionIdResourceIdPairs(FirestoreV1ResourceRefToRepConverter.java:293)
	at com.google.cloud.datastore.core.firestorev1.converter.FirestoreV1ResourceRefToRepConverter.convertEntityParentRefAllowFirestoreRelative(FirestoreV1ResourceRefToRepConverter.java:89)
	at com.google.cloud.datastore.core.firestorev1.converter.FirestoreV1RequestToRepConverter.constructNewEntityRef(FirestoreV1RequestToRepConverter.java:467)
	at com.google.cloud.datastore.emulator.impl.util.FirestoreEmulatorConverters.toEntityRef(FirestoreEmulatorConverters.java:429)
	at com.google.cloud.datastore.emulator.impl.CloudFirestoreV1Router.inferDatabaseRef(CloudFirestoreV1Router.java:279)
	at com.google.cloud.datastore.emulator.impl.CloudFirestoreV1Router.createDocument(CloudFirestoreV1Router.java:101)
	at com.google.cloud.datastore.emulator.firestore.v1.FirestoreV1GrpcAdapter$1.lambda$createDocument$3(FirestoreV1GrpcAdapter.java:120)
	at com.google.cloud.datastore.emulator.firestore.v1.FirestoreV1GrpcAdapter.unary(FirestoreV1GrpcAdapter.java:67)
	at com.google.cloud.datastore.emulator.firestore.v1.FirestoreV1GrpcAdapter.access$000(FirestoreV1GrpcAdapter.java:39)
	at com.google.cloud.datastore.emulator.firestore.v1.FirestoreV1GrpcAdapter$1.createDocument(FirestoreV1GrpcAdapter.java:120)
	at com.google.firestore.v1.FirestoreGrpc$MethodHandlers.invoke(FirestoreGrpc.java:1247)
	at io.grpc.stub.ServerCalls$UnaryServerCallHandler$UnaryServerCallListener.onHalfClose(ServerCalls.java:182)
	at io.grpc.PartialForwardingServerCallListener.onHalfClose(PartialForwardingServerCallListener.java:35)
	at io.grpc.ForwardingServerCallListener.onHalfClose(ForwardingServerCallListener.java:23)
	at io.grpc.ForwardingServerCallListener$SimpleForwardingServerCallListener.onHalfClose(ForwardingServerCallListener.java:40)
	at io.grpc.Contexts$ContextualizedServerCallListener.onHalfClose(Contexts.java:86)
	at io.grpc.PartialForwardingServerCallListener.onHalfClose(PartialForwardingServerCallListener.java:35)
	at io.grpc.ForwardingServerCallListener.onHalfClose(ForwardingServerCallListener.java:23)
	at io.grpc.ForwardingServerCallListener$SimpleForwardingServerCallListener.onHalfClose(ForwardingServerCallListener.java:40)
	at io.grpc.Contexts$ContextualizedServerCallListener.onHalfClose(Contexts.java:86)
	at io.grpc.internal.ServerCallImpl$ServerStreamListenerImpl.halfClosed(ServerCallImpl.java:331)
	at io.grpc.internal.ServerImpl$JumpToApplicationThreadServerStreamListener$1HalfClosed.runInContext(ServerImpl.java:797)
	at io.grpc.internal.ContextRunnable.run(ContextRunnable.java:37)
	at io.grpc.internal.SerializingExecutor.run(SerializingExecutor.java:123)
	at java.util.concurrent.ThreadPoolExecutor.runWorker(ThreadPoolExecutor.java:1149)
	at java.util.concurrent.ThreadPoolExecutor$Worker.run(ThreadPoolExecutor.java:624)
	at java.lang.Thread.run(Thread.java:748)

Mar 02, 2021 10:34:19 AM io.gapi.emulators.netty.HttpHandler$1 onError
INFO: Exception when handling request: INVALID_ARGUMENT: Document parent name "projects/weather-node-ui/databases/(default)/documents/measurements" lacks "/" at index 67.
Mar 02, 2021 10:34:29 AM io.gapi.emulators.netty.HttpVersionRoutingHandler channelRead
INFO: Detected non-HTTP/2 connection.
Mar 02, 2021 10:34:29 AM io.gapi.emulators.netty.HttpVersionRoutingHandler channelRead
INFO: Detected non-HTTP/2 connection.
Mar 02, 2021 10:34:29 AM com.google.cloud.datastore.emulator.impl.util.WrappedStreamObserver onError
INFO: operation failed: Document parent name "projects/weather-node-ui/databases/(default)/documents/measurements" lacks "/" at index 67.
com.google.cloud.datastore.core.exception.InvalidConversionException: Document parent name "projects/weather-node-ui/databases/(default)/documents/measurements" lacks "/" at index 67.
	at com.google.cloud.datastore.core.exception.InvalidConversionException.checkConversion(InvalidConversionException.java:44)
	at com.google.cloud.datastore.core.firestorev1.converter.FirestoreV1ResourceNameParser.parseSlashAllowTrailing(FirestoreV1ResourceNameParser.java:131)
	at com.google.cloud.datastore.core.firestorev1.converter.FirestoreV1ResourceNameParser.parseSlash(FirestoreV1ResourceNameParser.java:126)
	at com.google.cloud.datastore.core.firestorev1.converter.FirestoreV1ResourceRefToRepConverter.parseEntityCollectionIdResourceIdPairs(FirestoreV1ResourceRefToRepConverter.java:293)
	at com.google.cloud.datastore.core.firestorev1.converter.FirestoreV1ResourceRefToRepConverter.convertEntityParentRefAllowFirestoreRelative(FirestoreV1ResourceRefToRepConverter.java:89)
	at com.google.cloud.datastore.core.firestorev1.converter.FirestoreV1RequestToRepConverter.constructNewEntityRef(FirestoreV1RequestToRepConverter.java:467)
	at com.google.cloud.datastore.emulator.impl.util.FirestoreEmulatorConverters.toEntityRef(FirestoreEmulatorConverters.java:429)
	at com.google.cloud.datastore.emulator.impl.CloudFirestoreV1Router.inferDatabaseRef(CloudFirestoreV1Router.java:279)
	at com.google.cloud.datastore.emulator.impl.CloudFirestoreV1Router.createDocument(CloudFirestoreV1Router.java:101)
	at com.google.cloud.datastore.emulator.firestore.v1.FirestoreV1GrpcAdapter$1.lambda$createDocument$3(FirestoreV1GrpcAdapter.java:120)
	at com.google.cloud.datastore.emulator.firestore.v1.FirestoreV1GrpcAdapter.unary(FirestoreV1GrpcAdapter.java:67)
	at com.google.cloud.datastore.emulator.firestore.v1.FirestoreV1GrpcAdapter.access$000(FirestoreV1GrpcAdapter.java:39)
	at com.google.cloud.datastore.emulator.firestore.v1.FirestoreV1GrpcAdapter$1.createDocument(FirestoreV1GrpcAdapter.java:120)
	at com.google.firestore.v1.FirestoreGrpc$MethodHandlers.invoke(FirestoreGrpc.java:1247)
	at io.grpc.stub.ServerCalls$UnaryServerCallHandler$UnaryServerCallListener.onHalfClose(ServerCalls.java:182)
	at io.grpc.PartialForwardingServerCallListener.onHalfClose(PartialForwardingServerCallListener.java:35)
	at io.grpc.ForwardingServerCallListener.onHalfClose(ForwardingServerCallListener.java:23)
	at io.grpc.ForwardingServerCallListener$SimpleForwardingServerCallListener.onHalfClose(ForwardingServerCallListener.java:40)
	at io.grpc.Contexts$ContextualizedServerCallListener.onHalfClose(Contexts.java:86)
	at io.grpc.PartialForwardingServerCallListener.onHalfClose(PartialForwardingServerCallListener.java:35)
	at io.grpc.ForwardingServerCallListener.onHalfClose(ForwardingServerCallListener.java:23)
	at io.grpc.ForwardingServerCallListener$SimpleForwardingServerCallListener.onHalfClose(ForwardingServerCallListener.java:40)
	at io.grpc.Contexts$ContextualizedServerCallListener.onHalfClose(Contexts.java:86)
	at io.grpc.internal.ServerCallImpl$ServerStreamListenerImpl.halfClosed(ServerCallImpl.java:331)
	at io.grpc.internal.ServerImpl$JumpToApplicationThreadServerStreamListener$1HalfClosed.runInContext(ServerImpl.java:797)
	at io.grpc.internal.ContextRunnable.run(ContextRunnable.java:37)
	at io.grpc.internal.SerializingExecutor.run(SerializingExecutor.java:123)
	at java.util.concurrent.ThreadPoolExecutor.runWorker(ThreadPoolExecutor.java:1149)
	at java.util.concurrent.ThreadPoolExecutor$Worker.run(ThreadPoolExecutor.java:624)
	at java.lang.Thread.run(Thread.java:748)

Mar 02, 2021 10:34:29 AM io.gapi.emulators.netty.HttpHandler$1 onError
INFO: Exception when handling request: INVALID_ARGUMENT: Document parent name "projects/weather-node-ui/databases/(default)/documents/measurements" lacks "/" at index 67.
Mar 02, 2021 10:34:39 AM com.google.cloud.datastore.emulator.impl.util.WrappedStreamObserver onError
INFO: operation failed: Document parent name "projects/weather-node-ui/databases/(default)/documents/measurements" lacks "/" at index 67.
com.google.cloud.datastore.core.exception.InvalidConversionException: Document parent name "projects/weather-node-ui/databases/(default)/documents/measurements" lacks "/" at index 67.
	at com.google.cloud.datastore.core.exception.InvalidConversionException.checkConversion(InvalidConversionException.java:44)
	at com.google.cloud.datastore.core.firestorev1.converter.FirestoreV1ResourceNameParser.parseSlashAllowTrailing(FirestoreV1ResourceNameParser.java:131)
	at com.google.cloud.datastore.core.firestorev1.converter.FirestoreV1ResourceNameParser.parseSlash(FirestoreV1ResourceNameParser.java:126)
	at com.google.cloud.datastore.core.firestorev1.converter.FirestoreV1ResourceRefToRepConverter.parseEntityCollectionIdResourceIdPairs(FirestoreV1ResourceRefToRepConverter.java:293)
	at com.google.cloud.datastore.core.firestorev1.converter.FirestoreV1ResourceRefToRepConverter.convertEntityParentRefAllowFirestoreRelative(FirestoreV1ResourceRefToRepConverter.java:89)
	at com.google.cloud.datastore.core.firestorev1.converter.FirestoreV1RequestToRepConverter.constructNewEntityRef(FirestoreV1RequestToRepConverter.java:467)
	at com.google.cloud.datastore.emulator.impl.util.FirestoreEmulatorConverters.toEntityRef(FirestoreEmulatorConverters.java:429)
	at com.google.cloud.datastore.emulator.impl.CloudFirestoreV1Router.inferDatabaseRef(CloudFirestoreV1Router.java:279)
	at com.google.cloud.datastore.emulator.impl.CloudFirestoreV1Router.createDocument(CloudFirestoreV1Router.java:101)
	at com.google.cloud.datastore.emulator.firestore.v1.FirestoreV1GrpcAdapter$1.lambda$createDocument$3(FirestoreV1GrpcAdapter.java:120)
	at com.google.cloud.datastore.emulator.firestore.v1.FirestoreV1GrpcAdapter.unary(FirestoreV1GrpcAdapter.java:67)
	at com.google.cloud.datastore.emulator.firestore.v1.FirestoreV1GrpcAdapter.access$000(FirestoreV1GrpcAdapter.java:39)
	at com.google.cloud.datastore.emulator.firestore.v1.FirestoreV1GrpcAdapter$1.createDocument(FirestoreV1GrpcAdapter.java:120)
	at com.google.firestore.v1.FirestoreGrpc$MethodHandlers.invoke(FirestoreGrpc.java:1247)
	at io.grpc.stub.ServerCalls$UnaryServerCallHandler$UnaryServerCallListener.onHalfClose(ServerCalls.java:182)
	at io.grpc.PartialForwardingServerCallListener.onHalfClose(PartialForwardingServerCallListener.java:35)
	at io.grpc.ForwardingServerCallListener.onHalfClose(ForwardingServerCallListener.java:23)
	at io.grpc.ForwardingServerCallListener$SimpleForwardingServerCallListener.onHalfClose(ForwardingServerCallListener.java:40)
	at io.grpc.Contexts$ContextualizedServerCallListener.onHalfClose(Contexts.java:86)
	at io.grpc.PartialForwardingServerCallListener.onHalfClose(PartialForwardingServerCallListener.java:35)
	at io.grpc.ForwardingServerCallListener.onHalfClose(ForwardingServerCallListener.java:23)
	at io.grpc.ForwardingServerCallListener$SimpleForwardingServerCallListener.onHalfClose(ForwardingServerCallListener.java:40)
	at io.grpc.Contexts$ContextualizedServerCallListener.onHalfClose(Contexts.java:86)
	at io.grpc.internal.ServerCallImpl$ServerStreamListenerImpl.halfClosed(ServerCallImpl.java:331)
	at io.grpc.internal.ServerImpl$JumpToApplicationThreadServerStreamListener$1HalfClosed.runInContext(ServerImpl.java:797)
	at io.grpc.internal.ContextRunnable.run(ContextRunnable.java:37)
	at io.grpc.internal.SerializingExecutor.run(SerializingExecutor.java:123)
	at java.util.concurrent.ThreadPoolExecutor.runWorker(ThreadPoolExecutor.java:1149)
	at java.util.concurrent.ThreadPoolExecutor$Worker.run(ThreadPoolExecutor.java:624)
	at java.lang.Thread.run(Thread.java:748)

Mar 02, 2021 10:34:39 AM io.gapi.emulators.netty.HttpHandler$1 onError
INFO: Exception when handling request: INVALID_ARGUMENT: Document parent name "projects/weather-node-ui/databases/(default)/documents/measurements" lacks "/" at index 67.
Mar 02, 2021 10:34:46 AM io.gapi.emulators.netty.HttpVersionRoutingHandler channelRead
INFO: Detected non-HTTP/2 connection.
Mar 02, 2021 10:34:46 AM com.google.cloud.datastore.emulator.firestore.webchannel.FirestoreV1WebChannelAdapter$FirestoreListenHandler onClose
INFO: channel closed
*** shutting down gRPC server since JVM is shutting down
*** server shut down
